  Program.cpp
C:\Users\com\Desktop\DataStructure\Program\Program.cpp(33,11): warning C4311: '형식 캐스트': 'KEY'에서 'unsigned int'(으)로 포인터가 잘립니다.
C:\Users\com\Desktop\DataStructure\Program\Program.cpp(33,11): warning C4311:         with
C:\Users\com\Desktop\DataStructure\Program\Program.cpp(33,11): warning C4311:         [
C:\Users\com\Desktop\DataStructure\Program\Program.cpp(33,11): warning C4311:             KEY=const char *
C:\Users\com\Desktop\DataStructure\Program\Program.cpp(33,11): warning C4311:         ]
      C:\Users\com\Desktop\DataStructure\Program\Program.cpp(33,11):
      템플릿 인스턴스화 컨텍스트(가장 오래된 인스턴스화 컨텍스트)가
          C:\Users\com\Desktop\DataStructure\Program\Program.cpp(51,30):
          컴파일되는 클래스 템플릿 인스턴스화 'HashTable<const char *,int>'에 대한 참조를 확인하세요.
          C:\Users\com\Desktop\DataStructure\Program\Program.cpp(31,13):
          클래스 템플릿 멤버 함수 'const int &HashTable<const char *,int>::hash_function(KEY)'을(를) 컴파일하는 중입니다.
          with
          [
              KEY=const char *
          ]
              C:\Users\com\Desktop\DataStructure\Program\Program.cpp(53,7):
              'main'에서 'HashTable<const char *,int>::hash_function'에 대한 첫 번째 참조를 확인하세요.
  
C:\Users\com\Desktop\DataStructure\Program\Program.cpp(33,11): warning C4302: '형식 캐스트': 'KEY'에서 'unsigned int'(으)로 잘립니다.
C:\Users\com\Desktop\DataStructure\Program\Program.cpp(33,11): warning C4302:         with
C:\Users\com\Desktop\DataStructure\Program\Program.cpp(33,11): warning C4302:         [
C:\Users\com\Desktop\DataStructure\Program\Program.cpp(33,11): warning C4302:             KEY=const char *
C:\Users\com\Desktop\DataStructure\Program\Program.cpp(33,11): warning C4302:         ]
C:\Users\com\Desktop\DataStructure\Program\Program.cpp(33,1): warning C4172: 지역 변수 또는 임시 의 주소를 반환하는 중
  Program.vcxproj -> C:\Users\com\Desktop\DataStructure\Program\x64\Debug\Program.exe
